{
  "RSpec": {
    "coverage": {
      "/Users/rob/Google Drive/WDI/guv_watch/app/models/user.rb": [
        1,
        null,
        null,
        null,
        1,
        null,
        null,
        null,
        1,
        null,
        1,
        null,
        1,
        null,
        1,
        1,
        1,
        1,
        5,
        null,
        3,
        null,
        1,
        null,
        1,
        null,
        null,
        null,
        null
      ],
      "/Users/rob/Google Drive/WDI/guv_watch/app/controllers/application_controller.rb": [
        1,
        1,
        null
      ],
      "/Users/rob/Google Drive/WDI/guv_watch/app/helpers/application_helper.rb": [
        1,
        null
      ],
      "/Users/rob/Google Drive/WDI/guv_watch/app/helpers/home_helper.rb": [
        1,
        null
      ],
      "/Users/rob/Google Drive/WDI/guv_watch/app/controllers/home_controller.rb": [
        1,
        1,
        null,
        null,
        1,
        null,
        1,
        1,
        1,
        1,
        1,
        null,
        1,
        1,
        1,
        null,
        null,
        1,
        1,
        1,
        1,
        1,
        1,
        null,
        1,
        1,
        0,
        null,
        null,
        0,
        null,
        0,
        null,
        0,
        null,
        0,
        null,
        0,
        null,
        null,
        0,
        null,
        0,
        null,
        0,
        null,
        0,
        null,
        null,
        0,
        0,
        0,
        0,
        null,
        null,
        null,
        null,
        null,
        1,
        null,
        null,
        null,
        1,
        0,
        0,
        0,
        null,
        null
      ],
      "/Users/rob/Google Drive/WDI/guv_watch/app/controllers/registrations_controller.rb": [
        1,
        1,
        0,
        null,
        null,
        1,
        0,
        null,
        null,
        null,
        null,
        1,
        0,
        null,
        null
      ],
      "/Users/rob/Google Drive/WDI/guv_watch/app/mailers/postman.rb": [
        1,
        1,
        null,
        1,
        0,
        0,
        null,
        null
      ],
      "/Users/rob/Google Drive/WDI/guv_watch/app/models/legislator.rb": [
        1,
        1,
        null
      ],
      "/Users/rob/Google Drive/WDI/guv_watch/app/models/title.rb": [
        1,
        1,
        null
      ]
    },
    "timestamp": 1371149717
  }
}
